[2021-10-08 19:01:34.829] [renderer1] [error] EACCES: permission denied, open '/usr/lib/code/extensions/json-language-features/package.json': Error: EACCES: permission denied, open '/usr/lib/code/extensions/json-language-features/package.json'
[2021-10-08 19:01:34.836] [renderer1] [error] EACCES: permission denied, open '/usr/lib/code/extensions/json/package.json': Error: EACCES: permission denied, open '/usr/lib/code/extensions/json/package.json'
[2021-10-08 19:01:34.836] [renderer1] [error] EACCES: permission denied, open '/usr/lib/code/extensions/html-language-features/package.json': Error: EACCES: permission denied, open '/usr/lib/code/extensions/html-language-features/package.json'
[2021-10-08 19:01:34.837] [renderer1] [error] EACCES: permission denied, open '/usr/lib/code/extensions/yaml/package.json': Error: EACCES: permission denied, open '/usr/lib/code/extensions/yaml/package.json'
[2021-10-08 19:01:34.837] [renderer1] [error] EACCES: permission denied, open '/usr/lib/code/extensions/html/package.json': Error: EACCES: permission denied, open '/usr/lib/code/extensions/html/package.json'
[2021-10-08 19:01:34.838] [renderer1] [error] EACCES: permission denied, open '/usr/lib/code/extensions/markdown-basics/package.json': Error: EACCES: permission denied, open '/usr/lib/code/extensions/markdown-basics/package.json'
[2021-10-08 19:01:34.838] [renderer1] [error] EACCES: permission denied, open '/usr/lib/code/extensions/java/package.json': Error: EACCES: permission denied, open '/usr/lib/code/extensions/java/package.json'
[2021-10-08 19:01:34.839] [renderer1] [error] EACCES: permission denied, open '/usr/lib/code/extensions/log/package.json': Error: EACCES: permission denied, open '/usr/lib/code/extensions/log/package.json'
[2021-10-08 19:01:34.839] [renderer1] [error] EACCES: permission denied, open '/usr/lib/code/extensions/javascript/package.json': Error: EACCES: permission denied, open '/usr/lib/code/extensions/javascript/package.json'
[2021-10-08 19:01:34.840] [renderer1] [error] EACCES: permission denied, open '/usr/lib/code/extensions/cpp/package.json': Error: EACCES: permission denied, open '/usr/lib/code/extensions/cpp/package.json'
[2021-10-08 19:01:34.840] [renderer1] [error] EACCES: permission denied, open '/usr/lib/code/extensions/configuration-editing/package.json': Error: EACCES: permission denied, open '/usr/lib/code/extensions/configuration-editing/package.json'
[2021-10-08 19:01:34.841] [renderer1] [error] EACCES: permission denied, open '/usr/lib/code/extensions/make/package.json': Error: EACCES: permission denied, open '/usr/lib/code/extensions/make/package.json'
[2021-10-08 19:01:34.841] [renderer1] [error] EACCES: permission denied, open '/usr/lib/code/extensions/less/package.json': Error: EACCES: permission denied, open '/usr/lib/code/extensions/less/package.json'
[2021-10-08 19:01:34.842] [renderer1] [error] EACCES: permission denied, open '/usr/lib/code/extensions/handlebars/package.json': Error: EACCES: permission denied, open '/usr/lib/code/extensions/handlebars/package.json'
[2021-10-08 19:01:34.842] [renderer1] [error] EACCES: permission denied, open '/usr/lib/code/extensions/go/package.json': Error: EACCES: permission denied, open '/usr/lib/code/extensions/go/package.json'
[2021-10-08 19:01:34.842] [renderer1] [error] EACCES: permission denied, open '/usr/lib/code/extensions/docker/package.json': Error: EACCES: permission denied, open '/usr/lib/code/extensions/docker/package.json'
[2021-10-08 19:01:34.843] [renderer1] [error] EACCES: permission denied, open '/usr/lib/code/extensions/bat/package.json': Error: EACCES: permission denied, open '/usr/lib/code/extensions/bat/package.json'
[2021-10-08 19:01:34.843] [renderer1] [error] EACCES: permission denied, open '/usr/lib/code/extensions/debug-auto-launch/package.json': Error: EACCES: permission denied, open '/usr/lib/code/extensions/debug-auto-launch/package.json'
[2021-10-08 19:01:34.844] [renderer1] [error] EACCES: permission denied, open '/usr/lib/code/extensions/clojure/package.json': Error: EACCES: permission denied, open '/usr/lib/code/extensions/clojure/package.json'
[2021-10-08 19:01:34.844] [renderer1] [error] EACCES: permission denied, open '/usr/lib/code/extensions/groovy/package.json': Error: EACCES: permission denied, open '/usr/lib/code/extensions/groovy/package.json'
[2021-10-08 19:01:34.844] [renderer1] [error] EACCES: permission denied, open '/usr/lib/code/extensions/grunt/package.json': Error: EACCES: permission denied, open '/usr/lib/code/extensions/grunt/package.json'
[2021-10-08 19:01:34.845] [renderer1] [error] EACCES: permission denied, open '/usr/lib/code/extensions/coffeescript/package.json': Error: EACCES: permission denied, open '/usr/lib/code/extensions/coffeescript/package.json'
[2021-10-08 19:01:34.845] [renderer1] [error] EACCES: permission denied, open '/usr/lib/code/extensions/gulp/package.json': Error: EACCES: permission denied, open '/usr/lib/code/extensions/gulp/package.json'
[2021-10-08 19:01:34.846] [renderer1] [error] EACCES: permission denied, open '/usr/lib/code/extensions/jake/package.json': Error: EACCES: permission denied, open '/usr/lib/code/extensions/jake/package.json'
[2021-10-08 19:01:34.846] [renderer1] [error] EACCES: permission denied, open '/usr/lib/code/extensions/shellscript/package.json': Error: EACCES: permission denied, open '/usr/lib/code/extensions/shellscript/package.json'
[2021-10-08 19:01:34.846] [renderer1] [error] EACCES: permission denied, open '/usr/lib/code/extensions/xml/package.json': Error: EACCES: permission denied, open '/usr/lib/code/extensions/xml/package.json'
[2021-10-08 19:01:34.847] [renderer1] [error] EACCES: permission denied, open '/usr/lib/code/extensions/ini/package.json': Error: EACCES: permission denied, open '/usr/lib/code/extensions/ini/package.json'
[2021-10-08 19:01:34.847] [renderer1] [error] EACCES: permission denied, open '/usr/lib/code/extensions/python/package.json': Error: EACCES: permission denied, open '/usr/lib/code/extensions/python/package.json'
[2021-10-08 19:01:34.847] [renderer1] [error] EACCES: permission denied, open '/usr/lib/code/extensions/css/package.json': Error: EACCES: permission denied, open '/usr/lib/code/extensions/css/package.json'
[2021-10-08 19:01:34.848] [renderer1] [error] EACCES: permission denied, open '/usr/lib/code/extensions/lua/package.json': Error: EACCES: permission denied, open '/usr/lib/code/extensions/lua/package.json'
[2021-10-08 19:01:34.848] [renderer1] [error] EACCES: permission denied, open '/usr/lib/code/extensions/hlsl/package.json': Error: EACCES: permission denied, open '/usr/lib/code/extensions/hlsl/package.json'
[2021-10-08 19:01:34.848] [renderer1] [error] EACCES: permission denied, open '/usr/lib/code/extensions/typescript-basics/package.json': Error: EACCES: permission denied, open '/usr/lib/code/extensions/typescript-basics/package.json'
[2021-10-08 19:01:34.849] [renderer1] [error] EACCES: permission denied, open '/usr/lib/code/extensions/typescript-language-features/package.json': Error: EACCES: permission denied, open '/usr/lib/code/extensions/typescript-language-features/package.json'
[2021-10-08 19:01:34.849] [renderer1] [error] EACCES: permission denied, open '/usr/lib/code/extensions/merge-conflict/package.json': Error: EACCES: permission denied, open '/usr/lib/code/extensions/merge-conflict/package.json'
[2021-10-08 19:01:34.849] [renderer1] [error] EACCES: permission denied, open '/usr/lib/code/extensions/theme-monokai/package.json': Error: EACCES: permission denied, open '/usr/lib/code/extensions/theme-monokai/package.json'
[2021-10-08 19:01:34.850] [renderer1] [error] EACCES: permission denied, open '/usr/lib/code/extensions/sql/package.json': Error: EACCES: permission denied, open '/usr/lib/code/extensions/sql/package.json'
[2021-10-08 19:01:34.850] [renderer1] [error] EACCES: permission denied, open '/usr/lib/code/extensions/theme-solarized-dark/package.json': Error: EACCES: permission denied, open '/usr/lib/code/extensions/theme-solarized-dark/package.json'
[2021-10-08 19:01:34.851] [renderer1] [error] EACCES: permission denied, open '/usr/lib/code/extensions/powershell/package.json': Error: EACCES: permission denied, open '/usr/lib/code/extensions/powershell/package.json'
[2021-10-08 19:01:34.851] [renderer1] [error] EACCES: permission denied, open '/usr/lib/code/extensions/theme-defaults/package.json': Error: EACCES: permission denied, open '/usr/lib/code/extensions/theme-defaults/package.json'
[2021-10-08 19:01:34.852] [renderer1] [error] EACCES: permission denied, open '/usr/lib/code/extensions/theme-quietlight/package.json': Error: EACCES: permission denied, open '/usr/lib/code/extensions/theme-quietlight/package.json'
[2021-10-08 19:01:34.853] [renderer1] [error] EACCES: permission denied, open '/usr/lib/code/extensions/emmet/package.json': Error: EACCES: permission denied, open '/usr/lib/code/extensions/emmet/package.json'
[2021-10-08 19:01:34.853] [renderer1] [error] EACCES: permission denied, open '/usr/lib/code/extensions/fsharp/package.json': Error: EACCES: permission denied, open '/usr/lib/code/extensions/fsharp/package.json'
[2021-10-08 19:01:34.854] [renderer1] [error] EACCES: permission denied, open '/usr/lib/code/extensions/csharp/package.json': Error: EACCES: permission denied, open '/usr/lib/code/extensions/csharp/package.json'
[2021-10-08 19:01:45.341] [renderer1] [error] EACCES: permission denied, open '/usr/lib/code/extensions/markdown-language-features/package.json': Error: EACCES: permission denied, open '/usr/lib/code/extensions/markdown-language-features/package.json'
[2021-10-08 19:01:45.341] [renderer1] [error] EACCES: permission denied, open '/usr/lib/code/extensions/markdown-math/package.json': Error: EACCES: permission denied, open '/usr/lib/code/extensions/markdown-math/package.json'
[2021-10-08 19:01:45.342] [renderer1] [error] EACCES: permission denied, open '/usr/lib/code/extensions/markdown-basics/package.json': Error: EACCES: permission denied, open '/usr/lib/code/extensions/markdown-basics/package.json'
[2021-10-08 19:01:56.673] [renderer1] [error] EACCES: permission denied, open '/usr/lib/code/extensions/json-language-features/package.json': Error: EACCES: permission denied, open '/usr/lib/code/extensions/json-language-features/package.json'
[2021-10-08 19:01:56.681] [renderer1] [error] EACCES: permission denied, open '/usr/lib/code/extensions/json/package.json': Error: EACCES: permission denied, open '/usr/lib/code/extensions/json/package.json'
[2021-10-08 19:01:56.682] [renderer1] [error] EACCES: permission denied, open '/usr/lib/code/extensions/html-language-features/package.json': Error: EACCES: permission denied, open '/usr/lib/code/extensions/html-language-features/package.json'
[2021-10-08 19:01:56.683] [renderer1] [error] EACCES: permission denied, open '/usr/lib/code/extensions/yaml/package.json': Error: EACCES: permission denied, open '/usr/lib/code/extensions/yaml/package.json'
[2021-10-08 19:01:56.683] [renderer1] [error] EACCES: permission denied, open '/usr/lib/code/extensions/cpp/package.json': Error: EACCES: permission denied, open '/usr/lib/code/extensions/cpp/package.json'
[2021-10-08 19:01:56.684] [renderer1] [error] EACCES: permission denied, open '/usr/lib/code/extensions/html/package.json': Error: EACCES: permission denied, open '/usr/lib/code/extensions/html/package.json'
[2021-10-08 19:01:56.684] [renderer1] [error] EACCES: permission denied, open '/usr/lib/code/extensions/css/package.json': Error: EACCES: permission denied, open '/usr/lib/code/extensions/css/package.json'
[2021-10-08 19:01:56.684] [renderer1] [error] EACCES: permission denied, open '/usr/lib/code/extensions/markdown-basics/package.json': Error: EACCES: permission denied, open '/usr/lib/code/extensions/markdown-basics/package.json'
[2021-10-08 19:01:56.685] [renderer1] [error] EACCES: permission denied, open '/usr/lib/code/extensions/docker/package.json': Error: EACCES: permission denied, open '/usr/lib/code/extensions/docker/package.json'
[2021-10-08 19:01:56.686] [renderer1] [error] EACCES: permission denied, open '/usr/lib/code/extensions/javascript/package.json': Error: EACCES: permission denied, open '/usr/lib/code/extensions/javascript/package.json'
[2021-10-08 19:01:56.687] [renderer1] [error] EACCES: permission denied, open '/usr/lib/code/extensions/java/package.json': Error: EACCES: permission denied, open '/usr/lib/code/extensions/java/package.json'
[2021-10-08 19:01:56.687] [renderer1] [error] EACCES: permission denied, open '/usr/lib/code/extensions/log/package.json': Error: EACCES: permission denied, open '/usr/lib/code/extensions/log/package.json'
[2021-10-08 19:01:56.688] [renderer1] [error] EACCES: permission denied, open '/usr/lib/code/extensions/configuration-editing/package.json': Error: EACCES: permission denied, open '/usr/lib/code/extensions/configuration-editing/package.json'
[2021-10-08 19:01:56.688] [renderer1] [error] EACCES: permission denied, open '/usr/lib/code/extensions/debug-auto-launch/package.json': Error: EACCES: permission denied, open '/usr/lib/code/extensions/debug-auto-launch/package.json'
[2021-10-08 19:01:56.689] [renderer1] [error] EACCES: permission denied, open '/usr/lib/code/extensions/less/package.json': Error: EACCES: permission denied, open '/usr/lib/code/extensions/less/package.json'
[2021-10-08 19:01:56.689] [renderer1] [error] EACCES: permission denied, open '/usr/lib/code/extensions/make/package.json': Error: EACCES: permission denied, open '/usr/lib/code/extensions/make/package.json'
[2021-10-08 19:01:56.690] [renderer1] [error] EACCES: permission denied, open '/usr/lib/code/extensions/go/package.json': Error: EACCES: permission denied, open '/usr/lib/code/extensions/go/package.json'
[2021-10-08 19:01:56.690] [renderer1] [error] EACCES: permission denied, open '/usr/lib/code/extensions/handlebars/package.json': Error: EACCES: permission denied, open '/usr/lib/code/extensions/handlebars/package.json'
[2021-10-08 19:01:56.690] [renderer1] [error] EACCES: permission denied, open '/usr/lib/code/extensions/clojure/package.json': Error: EACCES: permission denied, open '/usr/lib/code/extensions/clojure/package.json'
[2021-10-08 19:01:56.691] [renderer1] [error] EACCES: permission denied, open '/usr/lib/code/extensions/bat/package.json': Error: EACCES: permission denied, open '/usr/lib/code/extensions/bat/package.json'
[2021-10-08 19:01:56.691] [renderer1] [error] EACCES: permission denied, open '/usr/lib/code/extensions/emmet/package.json': Error: EACCES: permission denied, open '/usr/lib/code/extensions/emmet/package.json'
[2021-10-08 19:01:56.691] [renderer1] [error] EACCES: permission denied, open '/usr/lib/code/extensions/coffeescript/package.json': Error: EACCES: permission denied, open '/usr/lib/code/extensions/coffeescript/package.json'
[2021-10-08 19:01:56.692] [renderer1] [error] EACCES: permission denied, open '/usr/lib/code/extensions/groovy/package.json': Error: EACCES: permission denied, open '/usr/lib/code/extensions/groovy/package.json'
[2021-10-08 19:01:56.692] [renderer1] [error] EACCES: permission denied, open '/usr/lib/code/extensions/grunt/package.json': Error: EACCES: permission denied, open '/usr/lib/code/extensions/grunt/package.json'
[2021-10-08 19:01:56.692] [renderer1] [error] EACCES: permission denied, open '/usr/lib/code/extensions/gulp/package.json': Error: EACCES: permission denied, open '/usr/lib/code/extensions/gulp/package.json'
[2021-10-08 19:01:56.693] [renderer1] [error] EACCES: permission denied, open '/usr/lib/code/extensions/jake/package.json': Error: EACCES: permission denied, open '/usr/lib/code/extensions/jake/package.json'
[2021-10-08 19:01:56.693] [renderer1] [error] EACCES: permission denied, open '/usr/lib/code/extensions/shellscript/package.json': Error: EACCES: permission denied, open '/usr/lib/code/extensions/shellscript/package.json'
[2021-10-08 19:01:56.694] [renderer1] [error] EACCES: permission denied, open '/usr/lib/code/extensions/xml/package.json': Error: EACCES: permission denied, open '/usr/lib/code/extensions/xml/package.json'
[2021-10-08 19:01:56.694] [renderer1] [error] EACCES: permission denied, open '/usr/lib/code/extensions/ini/package.json': Error: EACCES: permission denied, open '/usr/lib/code/extensions/ini/package.json'
[2021-10-08 19:01:56.694] [renderer1] [error] EACCES: permission denied, open '/usr/lib/code/extensions/csharp/package.json': Error: EACCES: permission denied, open '/usr/lib/code/extensions/csharp/package.json'
[2021-10-08 19:01:56.695] [renderer1] [error] EACCES: permission denied, open '/usr/lib/code/extensions/python/package.json': Error: EACCES: permission denied, open '/usr/lib/code/extensions/python/package.json'
[2021-10-08 19:01:56.695] [renderer1] [error] EACCES: permission denied, open '/usr/lib/code/extensions/lua/package.json': Error: EACCES: permission denied, open '/usr/lib/code/extensions/lua/package.json'
[2021-10-08 19:01:56.696] [renderer1] [error] EACCES: permission denied, open '/usr/lib/code/extensions/hlsl/package.json': Error: EACCES: permission denied, open '/usr/lib/code/extensions/hlsl/package.json'
[2021-10-08 19:01:56.696] [renderer1] [error] EACCES: permission denied, open '/usr/lib/code/extensions/merge-conflict/package.json': Error: EACCES: permission denied, open '/usr/lib/code/extensions/merge-conflict/package.json'
[2021-10-08 19:01:56.696] [renderer1] [error] EACCES: permission denied, open '/usr/lib/code/extensions/typescript-basics/package.json': Error: EACCES: permission denied, open '/usr/lib/code/extensions/typescript-basics/package.json'
[2021-10-08 19:01:56.697] [renderer1] [error] EACCES: permission denied, open '/usr/lib/code/extensions/fsharp/package.json': Error: EACCES: permission denied, open '/usr/lib/code/extensions/fsharp/package.json'
[2021-10-08 19:01:56.697] [renderer1] [error] EACCES: permission denied, open '/usr/lib/code/extensions/theme-monokai/package.json': Error: EACCES: permission denied, open '/usr/lib/code/extensions/theme-monokai/package.json'
[2021-10-08 19:01:56.697] [renderer1] [error] EACCES: permission denied, open '/usr/lib/code/extensions/typescript-language-features/package.json': Error: EACCES: permission denied, open '/usr/lib/code/extensions/typescript-language-features/package.json'
[2021-10-08 19:01:56.698] [renderer1] [error] EACCES: permission denied, open '/usr/lib/code/extensions/sql/package.json': Error: EACCES: permission denied, open '/usr/lib/code/extensions/sql/package.json'
[2021-10-08 19:01:56.698] [renderer1] [error] EACCES: permission denied, open '/usr/lib/code/extensions/theme-solarized-dark/package.json': Error: EACCES: permission denied, open '/usr/lib/code/extensions/theme-solarized-dark/package.json'
[2021-10-08 19:01:56.698] [renderer1] [error] EACCES: permission denied, open '/usr/lib/code/extensions/theme-defaults/package.json': Error: EACCES: permission denied, open '/usr/lib/code/extensions/theme-defaults/package.json'
[2021-10-08 19:01:56.699] [renderer1] [error] EACCES: permission denied, open '/usr/lib/code/extensions/powershell/package.json': Error: EACCES: permission denied, open '/usr/lib/code/extensions/powershell/package.json'
[2021-10-08 19:01:56.699] [renderer1] [error] EACCES: permission denied, open '/usr/lib/code/extensions/theme-quietlight/package.json': Error: EACCES: permission denied, open '/usr/lib/code/extensions/theme-quietlight/package.json'
[2021-10-08 19:02:01.687] [renderer1] [error] EACCES: permission denied, open '/usr/lib/code/extensions/json-language-features/package.json': Error: EACCES: permission denied, open '/usr/lib/code/extensions/json-language-features/package.json'
[2021-10-08 19:02:01.689] [renderer1] [error] EACCES: permission denied, open '/usr/lib/code/extensions/json/package.json': Error: EACCES: permission denied, open '/usr/lib/code/extensions/json/package.json'
[2021-10-08 19:02:01.690] [renderer1] [error] EACCES: permission denied, open '/usr/lib/code/extensions/html-language-features/package.json': Error: EACCES: permission denied, open '/usr/lib/code/extensions/html-language-features/package.json'
[2021-10-08 19:02:01.691] [renderer1] [error] EACCES: permission denied, open '/usr/lib/code/extensions/cpp/package.json': Error: EACCES: permission denied, open '/usr/lib/code/extensions/cpp/package.json'
[2021-10-08 19:02:01.692] [renderer1] [error] EACCES: permission denied, open '/usr/lib/code/extensions/yaml/package.json': Error: EACCES: permission denied, open '/usr/lib/code/extensions/yaml/package.json'
[2021-10-08 19:02:01.692] [renderer1] [error] EACCES: permission denied, open '/usr/lib/code/extensions/html/package.json': Error: EACCES: permission denied, open '/usr/lib/code/extensions/html/package.json'
[2021-10-08 19:02:01.692] [renderer1] [error] EACCES: permission denied, open '/usr/lib/code/extensions/css/package.json': Error: EACCES: permission denied, open '/usr/lib/code/extensions/css/package.json'
[2021-10-08 19:02:01.693] [renderer1] [error] EACCES: permission denied, open '/usr/lib/code/extensions/markdown-basics/package.json': Error: EACCES: permission denied, open '/usr/lib/code/extensions/markdown-basics/package.json'
[2021-10-08 19:02:01.693] [renderer1] [error] EACCES: permission denied, open '/usr/lib/code/extensions/docker/package.json': Error: EACCES: permission denied, open '/usr/lib/code/extensions/docker/package.json'
[2021-10-08 19:02:01.693] [renderer1] [error] EACCES: permission denied, open '/usr/lib/code/extensions/log/package.json': Error: EACCES: permission denied, open '/usr/lib/code/extensions/log/package.json'
[2021-10-08 19:02:01.693] [renderer1] [error] EACCES: permission denied, open '/usr/lib/code/extensions/configuration-editing/package.json': Error: EACCES: permission denied, open '/usr/lib/code/extensions/configuration-editing/package.json'
[2021-10-08 19:02:01.694] [renderer1] [error] EACCES: permission denied, open '/usr/lib/code/extensions/debug-auto-launch/package.json': Error: EACCES: permission denied, open '/usr/lib/code/extensions/debug-auto-launch/package.json'
[2021-10-08 19:02:01.694] [renderer1] [error] EACCES: permission denied, open '/usr/lib/code/extensions/javascript/package.json': Error: EACCES: permission denied, open '/usr/lib/code/extensions/javascript/package.json'
[2021-10-08 19:02:01.694] [renderer1] [error] EACCES: permission denied, open '/usr/lib/code/extensions/java/package.json': Error: EACCES: permission denied, open '/usr/lib/code/extensions/java/package.json'
[2021-10-08 19:02:01.695] [renderer1] [error] EACCES: permission denied, open '/usr/lib/code/extensions/less/package.json': Error: EACCES: permission denied, open '/usr/lib/code/extensions/less/package.json'
[2021-10-08 19:02:01.695] [renderer1] [error] EACCES: permission denied, open '/usr/lib/code/extensions/make/package.json': Error: EACCES: permission denied, open '/usr/lib/code/extensions/make/package.json'
[2021-10-08 19:02:01.695] [renderer1] [error] EACCES: permission denied, open '/usr/lib/code/extensions/handlebars/package.json': Error: EACCES: permission denied, open '/usr/lib/code/extensions/handlebars/package.json'
[2021-10-08 19:02:01.696] [renderer1] [error] EACCES: permission denied, open '/usr/lib/code/extensions/go/package.json': Error: EACCES: permission denied, open '/usr/lib/code/extensions/go/package.json'
[2021-10-08 19:02:01.696] [renderer1] [error] EACCES: permission denied, open '/usr/lib/code/extensions/bat/package.json': Error: EACCES: permission denied, open '/usr/lib/code/extensions/bat/package.json'
[2021-10-08 19:02:01.696] [renderer1] [error] EACCES: permission denied, open '/usr/lib/code/extensions/coffeescript/package.json': Error: EACCES: permission denied, open '/usr/lib/code/extensions/coffeescript/package.json'
[2021-10-08 19:02:01.696] [renderer1] [error] EACCES: permission denied, open '/usr/lib/code/extensions/clojure/package.json': Error: EACCES: permission denied, open '/usr/lib/code/extensions/clojure/package.json'
[2021-10-08 19:02:01.697] [renderer1] [error] EACCES: permission denied, open '/usr/lib/code/extensions/groovy/package.json': Error: EACCES: permission denied, open '/usr/lib/code/extensions/groovy/package.json'
[2021-10-08 19:02:01.697] [renderer1] [error] EACCES: permission denied, open '/usr/lib/code/extensions/emmet/package.json': Error: EACCES: permission denied, open '/usr/lib/code/extensions/emmet/package.json'
[2021-10-08 19:02:01.697] [renderer1] [error] EACCES: permission denied, open '/usr/lib/code/extensions/grunt/package.json': Error: EACCES: permission denied, open '/usr/lib/code/extensions/grunt/package.json'
[2021-10-08 19:02:01.698] [renderer1] [error] EACCES: permission denied, open '/usr/lib/code/extensions/gulp/package.json': Error: EACCES: permission denied, open '/usr/lib/code/extensions/gulp/package.json'
[2021-10-08 19:02:01.698] [renderer1] [error] EACCES: permission denied, open '/usr/lib/code/extensions/jake/package.json': Error: EACCES: permission denied, open '/usr/lib/code/extensions/jake/package.json'
[2021-10-08 19:02:01.698] [renderer1] [error] EACCES: permission denied, open '/usr/lib/code/extensions/xml/package.json': Error: EACCES: permission denied, open '/usr/lib/code/extensions/xml/package.json'
[2021-10-08 19:02:01.699] [renderer1] [error] EACCES: permission denied, open '/usr/lib/code/extensions/shellscript/package.json': Error: EACCES: permission denied, open '/usr/lib/code/extensions/shellscript/package.json'
[2021-10-08 19:02:01.699] [renderer1] [error] EACCES: permission denied, open '/usr/lib/code/extensions/ini/package.json': Error: EACCES: permission denied, open '/usr/lib/code/extensions/ini/package.json'
[2021-10-08 19:02:01.699] [renderer1] [error] EACCES: permission denied, open '/usr/lib/code/extensions/python/package.json': Error: EACCES: permission denied, open '/usr/lib/code/extensions/python/package.json'
[2021-10-08 19:02:01.699] [renderer1] [error] EACCES: permission denied, open '/usr/lib/code/extensions/csharp/package.json': Error: EACCES: permission denied, open '/usr/lib/code/extensions/csharp/package.json'
[2021-10-08 19:02:01.700] [renderer1] [error] EACCES: permission denied, open '/usr/lib/code/extensions/lua/package.json': Error: EACCES: permission denied, open '/usr/lib/code/extensions/lua/package.json'
[2021-10-08 19:02:01.700] [renderer1] [error] EACCES: permission denied, open '/usr/lib/code/extensions/fsharp/package.json': Error: EACCES: permission denied, open '/usr/lib/code/extensions/fsharp/package.json'
[2021-10-08 19:02:01.702] [renderer1] [error] EACCES: permission denied, open '/usr/lib/code/extensions/hlsl/package.json': Error: EACCES: permission denied, open '/usr/lib/code/extensions/hlsl/package.json'
[2021-10-08 19:02:01.703] [renderer1] [error] EACCES: permission denied, open '/usr/lib/code/extensions/typescript-basics/package.json': Error: EACCES: permission denied, open '/usr/lib/code/extensions/typescript-basics/package.json'
[2021-10-08 19:02:01.704] [renderer1] [error] EACCES: permission denied, open '/usr/lib/code/extensions/merge-conflict/package.json': Error: EACCES: permission denied, open '/usr/lib/code/extensions/merge-conflict/package.json'
[2021-10-08 19:02:01.704] [renderer1] [error] EACCES: permission denied, open '/usr/lib/code/extensions/typescript-language-features/package.json': Error: EACCES: permission denied, open '/usr/lib/code/extensions/typescript-language-features/package.json'
[2021-10-08 19:02:01.705] [renderer1] [error] EACCES: permission denied, open '/usr/lib/code/extensions/theme-monokai/package.json': Error: EACCES: permission denied, open '/usr/lib/code/extensions/theme-monokai/package.json'
[2021-10-08 19:02:01.705] [renderer1] [error] EACCES: permission denied, open '/usr/lib/code/extensions/sql/package.json': Error: EACCES: permission denied, open '/usr/lib/code/extensions/sql/package.json'
[2021-10-08 19:02:01.705] [renderer1] [error] EACCES: permission denied, open '/usr/lib/code/extensions/theme-solarized-dark/package.json': Error: EACCES: permission denied, open '/usr/lib/code/extensions/theme-solarized-dark/package.json'
[2021-10-08 19:02:01.706] [renderer1] [error] EACCES: permission denied, open '/usr/lib/code/extensions/powershell/package.json': Error: EACCES: permission denied, open '/usr/lib/code/extensions/powershell/package.json'
[2021-10-08 19:02:01.706] [renderer1] [error] EACCES: permission denied, open '/usr/lib/code/extensions/theme-defaults/package.json': Error: EACCES: permission denied, open '/usr/lib/code/extensions/theme-defaults/package.json'
[2021-10-08 19:02:01.706] [renderer1] [error] EACCES: permission denied, open '/usr/lib/code/extensions/theme-quietlight/package.json': Error: EACCES: permission denied, open '/usr/lib/code/extensions/theme-quietlight/package.json'
[2021-10-08 19:03:08.963] [renderer1] [error] EACCES: permission denied, open '/usr/lib/code/extensions/theme-defaults/package.json': Error: EACCES: permission denied, open '/usr/lib/code/extensions/theme-defaults/package.json'
[2021-10-08 19:03:08.964] [renderer1] [error] EACCES: permission denied, open '/usr/lib/code/extensions/theme-monokai/package.json': Error: EACCES: permission denied, open '/usr/lib/code/extensions/theme-monokai/package.json'
[2021-10-08 19:03:08.964] [renderer1] [error] EACCES: permission denied, open '/usr/lib/code/extensions/theme-solarized-dark/package.json': Error: EACCES: permission denied, open '/usr/lib/code/extensions/theme-solarized-dark/package.json'
[2021-10-08 19:03:08.965] [renderer1] [error] EACCES: permission denied, open '/usr/lib/code/extensions/theme-quietlight/package.json': Error: EACCES: permission denied, open '/usr/lib/code/extensions/theme-quietlight/package.json'
[2021-10-08 19:03:08.966] [renderer1] [error] EACCES: permission denied, open '/usr/lib/code/extensions/theme-tomorrow-night-blue/package.json': Error: EACCES: permission denied, open '/usr/lib/code/extensions/theme-tomorrow-night-blue/package.json'
[2021-10-08 19:03:08.966] [renderer1] [error] EACCES: permission denied, open '/usr/lib/code/extensions/theme-kimbie-dark/package.json': Error: EACCES: permission denied, open '/usr/lib/code/extensions/theme-kimbie-dark/package.json'
[2021-10-08 19:03:08.967] [renderer1] [error] EACCES: permission denied, open '/usr/lib/code/extensions/theme-abyss/package.json': Error: EACCES: permission denied, open '/usr/lib/code/extensions/theme-abyss/package.json'
[2021-10-08 19:03:08.968] [renderer1] [error] EACCES: permission denied, open '/usr/lib/code/extensions/theme-red/package.json': Error: EACCES: permission denied, open '/usr/lib/code/extensions/theme-red/package.json'
[2021-10-08 19:03:08.968] [renderer1] [error] EACCES: permission denied, open '/usr/lib/code/extensions/theme-seti/package.json': Error: EACCES: permission denied, open '/usr/lib/code/extensions/theme-seti/package.json'
[2021-10-08 19:03:08.969] [renderer1] [error] EACCES: permission denied, open '/usr/lib/code/extensions/theme-monokai-dimmed/package.json': Error: EACCES: permission denied, open '/usr/lib/code/extensions/theme-monokai-dimmed/package.json'
[2021-10-08 19:03:08.969] [renderer1] [error] EACCES: permission denied, open '/usr/lib/code/extensions/theme-solarized-light/package.json': Error: EACCES: permission denied, open '/usr/lib/code/extensions/theme-solarized-light/package.json'
[2021-10-08 19:03:15.164] [renderer1] [error] EACCES: permission denied, open '/usr/lib/code/extensions/theme-seti/package.json': Error: EACCES: permission denied, open '/usr/lib/code/extensions/theme-seti/package.json'
[2021-10-08 19:03:15.170] [renderer1] [error] EACCES: permission denied, open '/usr/lib/code/extensions/theme-defaults/package.json': Error: EACCES: permission denied, open '/usr/lib/code/extensions/theme-defaults/package.json'
[2021-10-08 19:03:15.171] [renderer1] [error] EACCES: permission denied, open '/usr/lib/code/extensions/theme-monokai/package.json': Error: EACCES: permission denied, open '/usr/lib/code/extensions/theme-monokai/package.json'
[2021-10-08 19:03:15.171] [renderer1] [error] EACCES: permission denied, open '/usr/lib/code/extensions/theme-solarized-dark/package.json': Error: EACCES: permission denied, open '/usr/lib/code/extensions/theme-solarized-dark/package.json'
[2021-10-08 19:03:15.171] [renderer1] [error] EACCES: permission denied, open '/usr/lib/code/extensions/theme-tomorrow-night-blue/package.json': Error: EACCES: permission denied, open '/usr/lib/code/extensions/theme-tomorrow-night-blue/package.json'
[2021-10-08 19:03:15.172] [renderer1] [error] EACCES: permission denied, open '/usr/lib/code/extensions/theme-quietlight/package.json': Error: EACCES: permission denied, open '/usr/lib/code/extensions/theme-quietlight/package.json'
[2021-10-08 19:03:15.172] [renderer1] [error] EACCES: permission denied, open '/usr/lib/code/extensions/theme-abyss/package.json': Error: EACCES: permission denied, open '/usr/lib/code/extensions/theme-abyss/package.json'
[2021-10-08 19:03:15.172] [renderer1] [error] EACCES: permission denied, open '/usr/lib/code/extensions/theme-red/package.json': Error: EACCES: permission denied, open '/usr/lib/code/extensions/theme-red/package.json'
[2021-10-08 19:03:15.173] [renderer1] [error] EACCES: permission denied, open '/usr/lib/code/extensions/theme-kimbie-dark/package.json': Error: EACCES: permission denied, open '/usr/lib/code/extensions/theme-kimbie-dark/package.json'
[2021-10-08 19:03:15.173] [renderer1] [error] EACCES: permission denied, open '/usr/lib/code/extensions/theme-monokai-dimmed/package.json': Error: EACCES: permission denied, open '/usr/lib/code/extensions/theme-monokai-dimmed/package.json'
[2021-10-08 19:03:15.173] [renderer1] [error] EACCES: permission denied, open '/usr/lib/code/extensions/theme-solarized-light/package.json': Error: EACCES: permission denied, open '/usr/lib/code/extensions/theme-solarized-light/package.json'
[2021-10-08 19:03:47.627] [renderer1] [error] EACCES: permission denied, open '/usr/lib/code/extensions/theme-tomorrow-night-blue/package.json': Error: EACCES: permission denied, open '/usr/lib/code/extensions/theme-tomorrow-night-blue/package.json'
[2021-10-08 19:10:24.748] [renderer1] [error] EACCES: permission denied, open '/usr/lib/code/extensions/theme-tomorrow-night-blue/package.json': Error: EACCES: permission denied, open '/usr/lib/code/extensions/theme-tomorrow-night-blue/package.json'
[2021-10-08 19:11:10.835] [renderer1] [error] EACCES: permission denied, open '/usr/lib/code/extensions/theme-tomorrow-night-blue/package.json': Error: EACCES: permission denied, open '/usr/lib/code/extensions/theme-tomorrow-night-blue/package.json'
[2021-10-08 19:11:15.983] [renderer1] [error] EACCES: permission denied, open '/usr/lib/code/extensions/theme-tomorrow-night-blue/package.json': Error: EACCES: permission denied, open '/usr/lib/code/extensions/theme-tomorrow-night-blue/package.json'
