[2021-10-08 19:01:37.578] [sharedprocess] [info] [logs cleanup]: Starting to clean up old logs.
[2021-10-08 19:01:57.573] [sharedprocess] [info] [code cache cleanup]: Starting to clean up old code cache folders.
[2021-10-08 19:01:57.574] [sharedprocess] [info] [storage cleanup]: Starting to clean up storage folders.
[2021-10-08 19:02:05.327] [sharedprocess] [info] Installing extension: ms-python.python
[2021-10-08 19:02:06.228] [sharedprocess] [info] Installing extension: ms-toolsai.jupyter
[2021-10-08 19:02:07.574] [sharedprocess] [info] [language pack cache cleanup]: Starting to clean up unused language packs.
[2021-10-08 19:02:10.790] [sharedprocess] [info] Downloaded extension: ms-toolsai.jupyter /home/allenhunn/.config/Code - OSS/CachedExtensionVSIXs/ms-toolsai.jupyter-2021.8.12
[2021-10-08 19:02:12.257] [sharedprocess] [info] Extracted extension to /home/allenhunn/.vscode-oss/extensions/.b2416e5a-b6d2-4d8c-835a-a080dc8a2ecc: ms-toolsai.jupyter
[2021-10-08 19:02:12.270] [sharedprocess] [info] Renamed to /home/allenhunn/.vscode-oss/extensions/ms-toolsai.jupyter-2021.8.12
[2021-10-08 19:02:12.276] [sharedprocess] [info] Extracting completed. ms-toolsai.jupyter
[2021-10-08 19:02:14.995] [sharedprocess] [info] Downloaded extension: ms-python.python /home/allenhunn/.config/Code - OSS/CachedExtensionVSIXs/ms-python.python-2021.9.1246542782
[2021-10-08 19:02:15.193] [sharedprocess] [info] Installing extension: golang.go
[2021-10-08 19:02:15.981] [sharedprocess] [info] Downloaded extension: golang.go /home/allenhunn/.config/Code - OSS/CachedExtensionVSIXs/golang.go-0.27.2
[2021-10-08 19:02:16.158] [sharedprocess] [info] Extracted extension to /home/allenhunn/.vscode-oss/extensions/.ff95df37-87b8-42df-9a15-c50f4ef79c71: golang.go
[2021-10-08 19:02:16.173] [sharedprocess] [info] Renamed to /home/allenhunn/.vscode-oss/extensions/golang.go-0.27.2
[2021-10-08 19:02:16.179] [sharedprocess] [info] Extracting completed. golang.go
[2021-10-08 19:02:16.199] [sharedprocess] [info] Extension installed successfully: golang.go
[2021-10-08 19:02:19.970] [sharedprocess] [info] Extracted extension to /home/allenhunn/.vscode-oss/extensions/.36819f19-de3a-457d-ad48-05eb9c269184: ms-python.python
[2021-10-08 19:02:19.991] [sharedprocess] [info] Renamed to /home/allenhunn/.vscode-oss/extensions/ms-python.python-2021.9.1246542782
[2021-10-08 19:02:19.996] [sharedprocess] [info] Extracting completed. ms-python.python
[2021-10-08 19:02:20.009] [sharedprocess] [info] Extension installed successfully: ms-toolsai.jupyter
[2021-10-08 19:02:20.010] [sharedprocess] [info] Extension installed successfully: ms-python.python
[2021-10-08 19:20:58.447] [sharedprocess] [info] Installing extension: shaanalam.martian-night
[2021-10-08 19:20:59.283] [sharedprocess] [info] Extracted extension to /home/allenhunn/.vscode-oss/extensions/.472aa61b-e736-4239-b51b-f1c73ce019d3: shaanalam.martian-night
[2021-10-08 19:20:59.291] [sharedprocess] [info] Renamed to /home/allenhunn/.vscode-oss/extensions/shaanalam.martian-night-0.1.0
[2021-10-08 19:20:59.293] [sharedprocess] [info] Extracting completed. shaanalam.martian-night
[2021-10-08 19:20:59.302] [sharedprocess] [info] Extension installed successfully: shaanalam.martian-night
